 Considering target file `.intermediate/src_fps/tnsdldef.d'.
  File `.intermediate/src_fps/tnsdldef.d' does not exist.
  Finished prerequisites of target file `.intermediate/src_fps/tnsdldef.d'.
 Considering target file `.intermediate/tst/main_tests.d'.
  File `.intermediate/tst/main_tests.d' does not exist.
  Finished prerequisites of target file `.intermediate/tst/main_tests.d'.
 Considering target file `.intermediate/tst/stub.d'.
  File `.intermediate/tst/stub.d' does not exist.
  Finished prerequisites of target file `.intermediate/tst/stub.d'.
 Considering target file `.intermediate/tst/test_basic/wrapper.d'.
  File `.intermediate/tst/test_basic/wrapper.d' does not exist.
  Finished prerequisites of target file `.intermediate/tst/test_basic/wrapper.d'.
 Considering target file `.intermediate/src_fps/rnwencqx.d'.
  File `.intermediate/src_fps/rnwencqx.d' does not exist.
  Finished prerequisites of target file `.intermediate/src_fps/rnwencqx.d'.
 Considering target file `.intermediate/src_fps/raqsubqx.d'.
  File `.intermediate/src_fps/raqsubqx.d' does not exist.
  Finished prerequisites of target file `.intermediate/src_fps/raqsubqx.d'.
 Considering target file `.intermediate/src_fps/host_ip.d'.
  File `.intermediate/src_fps/host_ip.d' does not exist.
  Finished prerequisites of target file `.intermediate/src_fps/host_ip.d'.
 Considering target file `.intermediate/src_fps/db_utilityqx.d'.
  File `.intermediate/src_fps/db_utilityqx.d' does not exist.
  Finished prerequisites of target file `.intermediate/src_fps/db_utilityqx.d'.
 Considering target file `.intermediate/src_fps/dbtrqx.d'.
  File `.intermediate/src_fps/dbtrqx.d' does not exist.
  Finished prerequisites of target file `.intermediate/src_fps/dbtrqx.d'.
 Considering target file `.intermediate/src_fps/db_funqx.d'.
  File `.intermediate/src_fps/db_funqx.d' does not exist.
  Finished prerequisites of target file `.intermediate/src_fps/db_funqx.d'.
 Considering target file `.intermediate/src_fps/dbfrqx.d'.
  File `.intermediate/src_fps/dbfrqx.d' does not exist.
  Finished prerequisites of target file `.intermediate/src_fps/dbfrqx.d'.
 Considering target file `.intermediate/src/prb.dep'.
  File `.intermediate/src/prb.dep' does not exist.
   Considering target file `.intermediate/src/prb.mod'.
    File `.intermediate/src/prb.mod' does not exist.
     Considering target file `src/railibqx.sdl'.
      Finished prerequisites of target file `src/railibqx.sdl'.
     Considering target file `.intermediate/src/railibqx.scc'.
      File `.intermediate/src/railibqx.scc' does not exist.
       Considering target file `.icl/railibqx.scc'.
        File `.icl/railibqx.scc' does not exist.
         Considering target file `src/railibqx.in[12345]'.
          File `src/railibqx.in[12345]' does not exist.
          Finished prerequisites of target file `src/railibqx.in[12345]'.
        Finished prerequisites of target file `.icl/railibqx.scc'.
      Finished prerequisites of target file `.intermediate/src/railibqx.scc'.
    Finished prerequisites of target file `.intermediate/src/prb.mod'.
  Finished prerequisites of target file `.intermediate/src/prb.dep'.
 Considering target file `/home/qinqxu/tnsdlunit/config.mk'.
  Finished prerequisites of target file `/home/qinqxu/tnsdlunit/config.mk'.
 Considering target file `/home/qinqxu/tnsdlunit/tu_helper.mk'.
  Finished prerequisites of target file `/home/qinqxu/tnsdlunit/tu_helper.mk'.
 Considering target file `Makefile'.
  Finished prerequisites of target file `Makefile'.
Considering target file `all'.
 File `all' does not exist.
  Considering target file `railib_test'.
   File `railib_test' does not exist.
    Considering target file `.intermediate/tst/test_basic/wrapper.o'.
     File `.intermediate/tst/test_basic/wrapper.o' does not exist.
      Considering target file `.intermediate/tst/test_basic/wrapper.cpp'.
       File `.intermediate/tst/test_basic/wrapper.cpp' does not exist.
        Considering target file `tst/test_basic.sdl'.
         Finished prerequisites of target file `tst/test_basic.sdl'.
        Considering target file `.intermediate/src/tu_timer_signals.sdt'.
         File `.intermediate/src/tu_timer_signals.sdt' does not exist.
          Pruning file `.intermediate/src/prb.mod'.
         Finished prerequisites of target file `.intermediate/src/tu_timer_signals.sdt'.
       Finished prerequisites of target file `.intermediate/tst/test_basic/wrapper.cpp'.
     Finished prerequisites of target file `.intermediate/tst/test_basic/wrapper.o'.
   Finished prerequisites of target file `railib_test'.
 Finished prerequisites of target file `all'.
